[debug] [2020-09-02T04:10:36.722Z] ----------------------------------------------------------------------
[debug] [2020-09-02T04:10:36.723Z] Command:       /home/uid11/.config/nvm/versions/node/v14.5.0/bin/node /home/uid11/.config/nvm/versions/node/v14.5.0/bin/firebase serve
[debug] [2020-09-02T04:10:36.724Z] CLI Version:   8.9.2
[debug] [2020-09-02T04:10:36.724Z] Platform:      linux
[debug] [2020-09-02T04:10:36.724Z] Node Version:  v14.5.0
[debug] [2020-09-02T04:10:36.724Z] Time:          Wed Sep 02 2020 07:10:36 GMT+0300 (Москва, стандартное время)
[debug] [2020-09-02T04:10:36.724Z] ----------------------------------------------------------------------
[debug] [2020-09-02T04:10:36.724Z] 
[debug] [2020-09-02T04:10:36.729Z] > command requires scopes: ["email","openid","https://www.googleapis.com/auth/cloudplatformprojects.readonly","https://www.googleapis.com/auth/firebase","https://www.googleapis.com/auth/cloud-platform"]
[debug] [2020-09-02T04:10:36.729Z] > authorizing via signed-in user
[debug] [2020-09-02T04:10:36.729Z] [iam] checking project onlinechatter-b11d9 for permissions ["firebase.projects.get"]
[debug] [2020-09-02T04:10:36.731Z] >>> HTTP REQUEST POST https://cloudresourcemanager.googleapis.com/v1/projects/onlinechatter-b11d9:testIamPermissions  
 {"permissions":["firebase.projects.get"]}
[debug] [2020-09-02T04:10:38.069Z] <<< HTTP RESPONSE 200 {"content-type":"application/json; charset=UTF-8","vary":"X-Origin, Referer, Origin,Accept-Encoding","date":"Wed, 02 Sep 2020 04:10:37 GMT","server":"ESF","cache-control":"private","x-xss-protection":"0","x-frame-options":"SAMEORIGIN","x-content-type-options":"nosniff","server-timing":"gfet4t7; dur=799","alt-svc":"h3-29=\":443\"; ma=2592000,h3-27=\":443\"; ma=2592000,h3-T051=\":443\"; ma=2592000,h3-T050=\":443\"; ma=2592000,h3-Q050=\":443\"; ma=2592000,h3-Q046=\":443\"; ma=2592000,h3-Q043=\":443\"; ma=2592000,quic=\":443\"; ma=2592000; v=\"46,43\"","accept-ranges":"none","transfer-encoding":"chunked"}
[debug] [2020-09-02T04:10:38.071Z] >>> HTTP REQUEST GET https://firebase.googleapis.com/v1beta1/projects/onlinechatter-b11d9  
 
[debug] [2020-09-02T04:10:38.362Z] <<< HTTP RESPONSE 200 {"content-type":"application/json; charset=UTF-8","vary":"X-Origin, Referer, Origin,Accept-Encoding","date":"Wed, 02 Sep 2020 04:10:38 GMT","server":"ESF","cache-control":"private","x-xss-protection":"0","x-frame-options":"SAMEORIGIN","x-content-type-options":"nosniff","alt-svc":"h3-29=\":443\"; ma=2592000,h3-27=\":443\"; ma=2592000,h3-T051=\":443\"; ma=2592000,h3-T050=\":443\"; ma=2592000,h3-Q050=\":443\"; ma=2592000,h3-Q046=\":443\"; ma=2592000,h3-Q043=\":443\"; ma=2592000,quic=\":443\"; ma=2592000; v=\"46,43\"","accept-ranges":"none","transfer-encoding":"chunked"}
[info] 
[info] === Serving from '/home/uid11/Distr/JS/onlinechatter'...
[info] 
[debug] [2020-09-02T04:10:38.366Z] >>> HTTP REQUEST GET https://firebase.googleapis.com/v1beta1/projects/onlinechatter-b11d9/webApps/-/config  
 
[warn] ⚠  Your requested "node" version "10" doesn't match your global version "14" {"metadata":{"emulator":{"name":"functions"},"message":"Your requested \"node\" version \"10\" doesn't match your global version \"14\""}}
[debug] [2020-09-02T04:10:38.377Z] defaultcredentials: writing to file /home/uid11/.config/firebase/e_newchat_gmail.com_application_default_credentials.json
[debug] [2020-09-02T04:10:38.378Z] Setting GAC to /home/uid11/.config/firebase/e_newchat_gmail.com_application_default_credentials.json {"metadata":{"emulator":{"name":"functions"},"message":"Setting GAC to /home/uid11/.config/firebase/e_newchat_gmail.com_application_default_credentials.json"}}
[debug] [2020-09-02T04:10:40.215Z] <<< HTTP RESPONSE 200 {"content-type":"application/json; charset=UTF-8","vary":"X-Origin, Referer, Origin,Accept-Encoding","date":"Wed, 02 Sep 2020 04:10:39 GMT","server":"ESF","cache-control":"private","x-xss-protection":"0","x-frame-options":"SAMEORIGIN","x-content-type-options":"nosniff","alt-svc":"h3-29=\":443\"; ma=2592000,h3-27=\":443\"; ma=2592000,h3-T051=\":443\"; ma=2592000,h3-T050=\":443\"; ma=2592000,h3-Q050=\":443\"; ma=2592000,h3-Q046=\":443\"; ma=2592000,h3-Q043=\":443\"; ma=2592000,quic=\":443\"; ma=2592000; v=\"46,43\"","accept-ranges":"none","transfer-encoding":"chunked"}
[info] i  functions: Watching "/home/uid11/Distr/JS/onlinechatter/functions" for Cloud Functions... {"metadata":{"emulator":{"name":"functions"},"message":"Watching \"/home/uid11/Distr/JS/onlinechatter/functions\" for Cloud Functions..."}}
[debug] [2020-09-02T04:10:40.290Z] [worker-pool] addWorker(~diagnostic~) {"metadata":{"emulator":{"name":"functions"},"message":"[worker-pool] addWorker(~diagnostic~)"}}
[debug] [2020-09-02T04:10:40.291Z] [worker-pool] Adding worker with key ~diagnostic~, total=1 {"metadata":{"emulator":{"name":"functions"},"message":"[worker-pool] Adding worker with key ~diagnostic~, total=1"}}
[debug] [2020-09-02T04:10:40.291Z] [worker-pool] submitWork(triggerId=) {"metadata":{"emulator":{"name":"functions"},"message":"[worker-pool] submitWork(triggerId=)"}}
[debug] [2020-09-02T04:10:40.291Z] [worker-~diagnostic~-6b19ad79-4b10-4d70-833c-a2bcbe6447bf]: Assigning socketPath: /tmp/fire_emu_499534.sock {"metadata":{"emulator":{"name":"functions"},"message":"[worker-~diagnostic~-6b19ad79-4b10-4d70-833c-a2bcbe6447bf]: Assigning socketPath: /tmp/fire_emu_499534.sock"}}
[debug] [2020-09-02T04:10:40.291Z] [worker-~diagnostic~-6b19ad79-4b10-4d70-833c-a2bcbe6447bf]: BUSY {"metadata":{"emulator":{"name":"functions"},"message":"[worker-~diagnostic~-6b19ad79-4b10-4d70-833c-a2bcbe6447bf]: BUSY"}}
[info] i  hosting[onlinechatter]: Serving hosting files from: static {"metadata":{"emulator":{"name":"hosting"},"message":"Serving hosting files from: \u001b[1mstatic\u001b[22m"}}
[info] ✔  hosting[onlinechatter]: Local server: http://localhost:5000 {"metadata":{"emulator":{"name":"hosting"},"message":"Local server: \u001b[4m\u001b[1mhttp://localhost:5000\u001b[22m\u001b[24m"}}
[debug] [2020-09-02T04:10:40.481Z] [runtime-status] [499534] Functions runtime initialized. {"cwd":"/home/uid11/Distr/JS/onlinechatter/functions","node_version":"14.5.0"} {"metadata":{"emulator":{"name":"functions"},"message":"[runtime-status] [499534] Functions runtime initialized. {\"cwd\":\"/home/uid11/Distr/JS/onlinechatter/functions\",\"node_version\":\"14.5.0\"}"}}
[debug] [2020-09-02T04:10:40.483Z] [runtime-status] [499534] Disabled runtime features: undefined {"metadata":{"emulator":{"name":"functions"},"message":"[runtime-status] [499534] Disabled runtime features: undefined"}}
[debug] [2020-09-02T04:10:40.485Z] [runtime-status] [499534] Resolved module firebase-admin {"declared":true,"installed":true,"version":"8.13.0","resolution":"/home/uid11/Distr/JS/onlinechatter/functions/node_modules/firebase-admin/lib/index.js"} {"metadata":{"emulator":{"name":"functions"},"message":"[runtime-status] [499534] Resolved module firebase-admin {\"declared\":true,\"installed\":true,\"version\":\"8.13.0\",\"resolution\":\"/home/uid11/Distr/JS/onlinechatter/functions/node_modules/firebase-admin/lib/index.js\"}"}}
[debug] [2020-09-02T04:10:40.486Z] [runtime-status] [499534] Resolved module firebase-functions {"declared":true,"installed":true,"version":"3.11.0","resolution":"/home/uid11/Distr/JS/onlinechatter/functions/node_modules/firebase-functions/lib/index.js"} {"metadata":{"emulator":{"name":"functions"},"message":"[runtime-status] [499534] Resolved module firebase-functions {\"declared\":true,\"installed\":true,\"version\":\"3.11.0\",\"resolution\":\"/home/uid11/Distr/JS/onlinechatter/functions/node_modules/firebase-functions/lib/index.js\"}"}}
[debug] [2020-09-02T04:10:40.486Z] [runtime-status] [499534] Resolved module firebase-functions {"declared":true,"installed":true,"version":"3.11.0","resolution":"/home/uid11/Distr/JS/onlinechatter/functions/node_modules/firebase-functions/lib/index.js"} {"metadata":{"emulator":{"name":"functions"},"message":"[runtime-status] [499534] Resolved module firebase-functions {\"declared\":true,\"installed\":true,\"version\":\"3.11.0\",\"resolution\":\"/home/uid11/Distr/JS/onlinechatter/functions/node_modules/firebase-functions/lib/index.js\"}"}}
[debug] [2020-09-02T04:10:40.488Z] [runtime-status] [499534] Outgoing network have been stubbed. [{"name":"http","status":"mocked"},{"name":"http","status":"mocked"},{"name":"https","status":"mocked"},{"name":"https","status":"mocked"},{"name":"net","status":"mocked"}] {"metadata":{"emulator":{"name":"functions"},"message":"[runtime-status] [499534] Outgoing network have been stubbed. [{\"name\":\"http\",\"status\":\"mocked\"},{\"name\":\"http\",\"status\":\"mocked\"},{\"name\":\"https\",\"status\":\"mocked\"},{\"name\":\"https\",\"status\":\"mocked\"},{\"name\":\"net\",\"status\":\"mocked\"}]"}}
[debug] [2020-09-02T04:10:40.489Z] [runtime-status] [499534] Resolved module firebase-functions {"declared":true,"installed":true,"version":"3.11.0","resolution":"/home/uid11/Distr/JS/onlinechatter/functions/node_modules/firebase-functions/lib/index.js"} {"metadata":{"emulator":{"name":"functions"},"message":"[runtime-status] [499534] Resolved module firebase-functions {\"declared\":true,\"installed\":true,\"version\":\"3.11.0\",\"resolution\":\"/home/uid11/Distr/JS/onlinechatter/functions/node_modules/firebase-functions/lib/index.js\"}"}}
[debug] [2020-09-02T04:10:40.514Z] [runtime-status] [499534] Checked functions.config() {"config":{}} {"metadata":{"emulator":{"name":"functions"},"message":"[runtime-status] [499534] Checked functions.config() {\"config\":{}}"}}
[debug] [2020-09-02T04:10:40.514Z] [runtime-status] [499534] firebase-functions has been stubbed. {"functionsResolution":{"declared":true,"installed":true,"version":"3.11.0","resolution":"/home/uid11/Distr/JS/onlinechatter/functions/node_modules/firebase-functions/lib/index.js"}} {"metadata":{"emulator":{"name":"functions"},"message":"[runtime-status] [499534] firebase-functions has been stubbed. {\"functionsResolution\":{\"declared\":true,\"installed\":true,\"version\":\"3.11.0\",\"resolution\":\"/home/uid11/Distr/JS/onlinechatter/functions/node_modules/firebase-functions/lib/index.js\"}}"}}
[debug] [2020-09-02T04:10:40.515Z] [runtime-status] [499534] Resolved module firebase-functions {"declared":true,"installed":true,"version":"3.11.0","resolution":"/home/uid11/Distr/JS/onlinechatter/functions/node_modules/firebase-functions/lib/index.js"} {"metadata":{"emulator":{"name":"functions"},"message":"[runtime-status] [499534] Resolved module firebase-functions {\"declared\":true,\"installed\":true,\"version\":\"3.11.0\",\"resolution\":\"/home/uid11/Distr/JS/onlinechatter/functions/node_modules/firebase-functions/lib/index.js\"}"}}
[debug] [2020-09-02T04:10:40.515Z] [runtime-status] [499534] Resolved module firebase-admin {"declared":true,"installed":true,"version":"8.13.0","resolution":"/home/uid11/Distr/JS/onlinechatter/functions/node_modules/firebase-admin/lib/index.js"} {"metadata":{"emulator":{"name":"functions"},"message":"[runtime-status] [499534] Resolved module firebase-admin {\"declared\":true,\"installed\":true,\"version\":\"8.13.0\",\"resolution\":\"/home/uid11/Distr/JS/onlinechatter/functions/node_modules/firebase-admin/lib/index.js\"}"}}
[debug] [2020-09-02T04:10:40.516Z] [runtime-status] [499534] Resolved module firebase-functions {"declared":true,"installed":true,"version":"3.11.0","resolution":"/home/uid11/Distr/JS/onlinechatter/functions/node_modules/firebase-functions/lib/index.js"} {"metadata":{"emulator":{"name":"functions"},"message":"[runtime-status] [499534] Resolved module firebase-functions {\"declared\":true,\"installed\":true,\"version\":\"3.11.0\",\"resolution\":\"/home/uid11/Distr/JS/onlinechatter/functions/node_modules/firebase-functions/lib/index.js\"}"}}
[debug] [2020-09-02T04:10:40.516Z] [runtime-status] [499534] firebase-admin has been stubbed. {"adminResolution":{"declared":true,"installed":true,"version":"8.13.0","resolution":"/home/uid11/Distr/JS/onlinechatter/functions/node_modules/firebase-admin/lib/index.js"}} {"metadata":{"emulator":{"name":"functions"},"message":"[runtime-status] [499534] firebase-admin has been stubbed. {\"adminResolution\":{\"declared\":true,\"installed\":true,\"version\":\"8.13.0\",\"resolution\":\"/home/uid11/Distr/JS/onlinechatter/functions/node_modules/firebase-admin/lib/index.js\"}}"}}
[debug] [2020-09-02T04:10:40.517Z] [worker-~diagnostic~-6b19ad79-4b10-4d70-833c-a2bcbe6447bf]: IDLE {"metadata":{"emulator":{"name":"functions"},"message":"[worker-~diagnostic~-6b19ad79-4b10-4d70-833c-a2bcbe6447bf]: IDLE"}}
[info] i  hosting: 127.0.0.1 - - [02/Sep/2020:04:10:45 +0000] "GET /6544 HTTP/1.1" 200 198 "-" "Mozilla/5.0 (X11; Linux x86_64) AppleWebKit/537.36 (KHTML, like Gecko) Chrome/85.0.4183.83 Safari/537.36" {"metadata":{"emulator":{"name":"hosting"},"message":"127.0.0.1 - - [02/Sep/2020:04:10:45 +0000] \"GET /6544 HTTP/1.1\" 200 198 \"-\" \"Mozilla/5.0 (X11; Linux x86_64) AppleWebKit/537.36 (KHTML, like Gecko) Chrome/85.0.4183.83 Safari/537.36\""}}
[info] i  hosting: 127.0.0.1 - - [02/Sep/2020:04:10:45 +0000] "GET /index.js HTTP/1.1" 200 377437 "http://localhost:5000/6544" "Mozilla/5.0 (X11; Linux x86_64) AppleWebKit/537.36 (KHTML, like Gecko) Chrome/85.0.4183.83 Safari/537.36" {"metadata":{"emulator":{"name":"hosting"},"message":"127.0.0.1 - - [02/Sep/2020:04:10:45 +0000] \"GET /index.js HTTP/1.1\" 200 377437 \"http://localhost:5000/6544\" \"Mozilla/5.0 (X11; Linux x86_64) AppleWebKit/537.36 (KHTML, like Gecko) Chrome/85.0.4183.83 Safari/537.36\""}}
[info] i  hosting: 127.0.0.1 - - [02/Sep/2020:04:10:45 +0000] "GET /favicon.ico HTTP/1.1" 200 198 "http://localhost:5000/6544" "Mozilla/5.0 (X11; Linux x86_64) AppleWebKit/537.36 (KHTML, like Gecko) Chrome/85.0.4183.83 Safari/537.36" {"metadata":{"emulator":{"name":"hosting"},"message":"127.0.0.1 - - [02/Sep/2020:04:10:45 +0000] \"GET /favicon.ico HTTP/1.1\" 200 198 \"http://localhost:5000/6544\" \"Mozilla/5.0 (X11; Linux x86_64) AppleWebKit/537.36 (KHTML, like Gecko) Chrome/85.0.4183.83 Safari/537.36\""}}
[info] i  hosting: 127.0.0.1 - - [02/Sep/2020:04:12:37 +0000] "GET /6544 HTTP/1.1" 304 - "-" "Mozilla/5.0 (X11; Linux x86_64) AppleWebKit/537.36 (KHTML, like Gecko) Chrome/85.0.4183.83 Safari/537.36" {"metadata":{"emulator":{"name":"hosting"},"message":"127.0.0.1 - - [02/Sep/2020:04:12:37 +0000] \"GET /6544 HTTP/1.1\" 304 - \"-\" \"Mozilla/5.0 (X11; Linux x86_64) AppleWebKit/537.36 (KHTML, like Gecko) Chrome/85.0.4183.83 Safari/537.36\""}}
[debug] [2020-09-02T04:12:37.114Z] Error [ERR_STREAM_WRITE_AFTER_END]: write after end
    at writeAfterEnd (_http_outgoing.js:646:15)
    at ServerResponse.end (_http_outgoing.js:766:7)
    at Responder.handleError (/home/uid11/.config/nvm/versions/node/v14.5.0/lib/node_modules/firebase-tools/node_modules/superstatic/lib/responder.js:78:12)
    at /home/uid11/.config/nvm/versions/node/v14.5.0/lib/node_modules/firebase-tools/node_modules/superstatic/lib/responder.js:49:17
    at tryCatch (/home/uid11/.config/nvm/versions/node/v14.5.0/lib/node_modules/firebase-tools/node_modules/rsvp/dist/rsvp.js:525:12)
    at invokeCallback (/home/uid11/.config/nvm/versions/node/v14.5.0/lib/node_modules/firebase-tools/node_modules/rsvp/dist/rsvp.js:538:13)
    at publish (/home/uid11/.config/nvm/versions/node/v14.5.0/lib/node_modules/firebase-tools/node_modules/rsvp/dist/rsvp.js:508:7)
    at publishRejection (/home/uid11/.config/nvm/versions/node/v14.5.0/lib/node_modules/firebase-tools/node_modules/rsvp/dist/rsvp.js:443:3)
    at flush (/home/uid11/.config/nvm/versions/node/v14.5.0/lib/node_modules/firebase-tools/node_modules/rsvp/dist/rsvp.js:2415:5)
    at processTicksAndRejections (internal/process/task_queues.js:75:11)
[error] 
[error] Error: An unexpected error has occurred.
[info] i  hosting: 127.0.0.1 - - [02/Sep/2020:04:12:37 +0000] "GET /index.js HTTP/1.1" 200 377437 "http://localhost:5000/6544" "Mozilla/5.0 (X11; Linux x86_64) AppleWebKit/537.36 (KHTML, like Gecko) Chrome/85.0.4183.83 Safari/537.36" {"metadata":{"emulator":{"name":"hosting"},"message":"127.0.0.1 - - [02/Sep/2020:04:12:37 +0000] \"GET /index.js HTTP/1.1\" 200 377437 \"http://localhost:5000/6544\" \"Mozilla/5.0 (X11; Linux x86_64) AppleWebKit/537.36 (KHTML, like Gecko) Chrome/85.0.4183.83 Safari/537.36\""}}
[info] i  hosting: 127.0.0.1 - - [02/Sep/2020:04:12:37 +0000] "GET /favicon.ico HTTP/1.1" 200 198 "http://localhost:5000/6544" "Mozilla/5.0 (X11; Linux x86_64) AppleWebKit/537.36 (KHTML, like Gecko) Chrome/85.0.4183.83 Safari/537.36" {"metadata":{"emulator":{"name":"hosting"},"message":"127.0.0.1 - - [02/Sep/2020:04:12:37 +0000] \"GET /favicon.ico HTTP/1.1\" 200 198 \"http://localhost:5000/6544\" \"Mozilla/5.0 (X11; Linux x86_64) AppleWebKit/537.36 (KHTML, like Gecko) Chrome/85.0.4183.83 Safari/537.36\""}}
